Wed Jun 18 20:23:16 GMT-03:00 2025 : Apache Derby Servidor de Rede - 10.17.1.0 - (1913217) iniciado e pronto para aceitar conexões na porta 1527 em {3}
----------------------------------------------------------------
Wed Jun 18 20:23:16 GMT-03:00 2025:
 Inicializando o Derby versão The Apache Software Foundation - Apache Derby - 10.17.1.0 - (1913217): instância a816c00e-0197-855a-9812-0000433479f5
no diretório de banco de dados C:\Users\gustavo.obadowski\ProgramaçãoCamadaDeNegocio\Aula-de-quarta-2025\MyDB\DBcovid 

java.vendor=Oracle Corporation
java.runtime.version=23.0.2+7-58
user.dir=C:\Users\gustavo.obadowski\Desktop\db-derby-10.17.1.0-bin
os.name=Windows 11
os.arch=amd64
os.version=10.0
derby.system.home=C:\Users\gustavo.obadowski\ProgramaçãoCamadaDeNegocio\Aula-de-quarta-2025\MyDB
Carregador de classe do banco de dados iniciado - derby.database.classpath=''
----------------------------------------------------------------
Wed Jun 18 20:23:17 GMT-03:00 2025:
Encerrando a instância a816c00e-0197-855a-9812-0000433479f5
Wed Jun 18 20:23:17 GMT-03:00 2025 Thread[#35,DRDAConnThread_3,5,main] (DATABASE = DBcovid), (DRDAID = {2}), Banco de dados 'DBcovid' fechado.
----------------------------------------------------------------
Wed Jun 18 20:23:27 GMT-03:00 2025:
 Inicializando o Derby versão The Apache Software Foundation - Apache Derby - 10.17.1.0 - (1913217): instância 97e00100-0197-855a-9812-0000433479f5
no diretório de banco de dados C:\Users\gustavo.obadowski\ProgramaçãoCamadaDeNegocio\Aula-de-quarta-2025\MyDB\DBcovid 

java.vendor=Oracle Corporation
java.runtime.version=23.0.2+7-58
user.dir=C:\Users\gustavo.obadowski\Desktop\db-derby-10.17.1.0-bin
os.name=Windows 11
os.arch=amd64
os.version=10.0
derby.system.home=C:\Users\gustavo.obadowski\ProgramaçãoCamadaDeNegocio\Aula-de-quarta-2025\MyDB
Carregador de classe do banco de dados iniciado - derby.database.classpath=''
----------------------------------------------------------------
Wed Jun 18 22:03:25 GMT-03:00 2025: Shutting down Derby engine
----------------------------------------------------------------
Wed Jun 18 22:03:25 GMT-03:00 2025:
Encerrando a instância 97e00100-0197-855a-9812-0000433479f5
----------------------------------------------------------------
